app/build/intermediates/manifest_merge_blame_file/debug/manifest-merger-blame-debug-report.txt
1<?xml version="1.0" encoding="utf-8"?>
2<manifest xmlns:android="http://schemas.android.com/apk/res/android"
3    package="com.bishang366.app"
4    android:versionCode="1"
5    android:versionName="1.0.6" >
6
7    <uses-sdk
8        android:minSdkVersion="21"
8-->src\main\AndroidManifest.xml
9        android:targetSdkVersion="28" />
9-->src\main\AndroidManifest.xml
10
11    <uses-permission android:name="android.permission.INTERNET" />
11-->src\main\AndroidManifest.xml:5:5-67
11-->src\main\AndroidManifest.xml:5:22-64
12    <uses-permission android:name="android.permission.CAMERA" />
12-->src\main\AndroidManifest.xml:6:5-65
12-->src\main\AndroidManifest.xml:6:22-62
13    <uses-permission android:name="android.permission.ACCESS_WIFI_STATE" />
13-->src\main\AndroidManifest.xml:7:5-76
13-->src\main\AndroidManifest.xml:7:22-73
14    <uses-permission android:name="android.permission.ACCESS_NETWORK_STATE" />
14-->src\main\AndroidManifest.xml:8:5-79
14-->src\main\AndroidManifest.xml:8:22-76
15    <uses-permission android:name="android.permission.CHANGE_WIFI_STATE" />
15-->src\main\AndroidManifest.xml:9:5-76
15-->src\main\AndroidManifest.xml:9:22-73
16    <uses-permission android:name="android.permission.READ_PHONE_STATE" />
16-->src\main\AndroidManifest.xml:10:5-75
16-->src\main\AndroidManifest.xml:10:22-72
17    <uses-permission android:name="android.permission.READ_EXTERNAL_STORAGE" />
17-->src\main\AndroidManifest.xml:11:5-80
17-->src\main\AndroidManifest.xml:11:22-77
18    <uses-permission android:name="android.permission.WRITE_EXTERNAL_STORAGE" />
18-->src\main\AndroidManifest.xml:12:5-81
18-->src\main\AndroidManifest.xml:12:22-78
19    <uses-permission android:name="android.permission.REQUEST_INSTALL_PACKAGES" />
19-->src\main\AndroidManifest.xml:13:5-83
19-->src\main\AndroidManifest.xml:13:22-80
20    <uses-permission android:name="android.permission.BLUETOOTH" />
20-->src\main\AndroidManifest.xml:14:5-68
20-->src\main\AndroidManifest.xml:14:22-65
21    <uses-permission android:name="android.permission.WRITE_EXTERNAL_STORAGE" />
21-->src\main\AndroidManifest.xml:12:5-81
21-->src\main\AndroidManifest.xml:12:22-78
22    <uses-permission android:name="android.permission.ACCESS_FINE_LOCATION" />
22-->src\main\AndroidManifest.xml:16:5-79
22-->src\main\AndroidManifest.xml:16:22-76
23    <uses-permission android:name="android.permission.GET_TASKS" />
23-->src\main\AndroidManifest.xml:17:5-68
23-->src\main\AndroidManifest.xml:17:22-65
24    <uses-permission android:name="android.permission.ACCESS_FINE_LOCATION" />
24-->src\main\AndroidManifest.xml:16:5-79
24-->src\main\AndroidManifest.xml:16:22-76
25
26    <application
26-->src\main\AndroidManifest.xml:20:5-225:19
27        android:name="com.bishang366.app.MyApplication"
27-->src\main\AndroidManifest.xml:21:9-56
28        android:allowBackup="true"
28-->src\main\AndroidManifest.xml:22:9-35
29        android:appComponentFactory="android.support.v4.app.CoreComponentFactory"
29-->[com.android.support:support-compat:28.0.0] AndroidManifest.xml:22:18-91
30        android:debuggable="true"
31        android:icon="@mipmap/ic_launcher"
31-->src\main\AndroidManifest.xml:23:9-43
32        android:label="@string/app_name"
32-->src\main\AndroidManifest.xml:24:9-41
33        android:largeHeap="true"
33-->src\main\AndroidManifest.xml:25:9-33
34        android:networkSecurityConfig="@xml/network"
34-->src\main\AndroidManifest.xml:26:9-53
35        android:roundIcon="@mipmap/ic_cm_logo"
35-->src\main\AndroidManifest.xml:27:9-47
36        android:supportsRtl="true"
36-->src\main\AndroidManifest.xml:28:9-35
37        android:testOnly="true"
38        android:theme="@style/AppTheme.StartingWindowTheme" >
38-->src\main\AndroidManifest.xml:29:9-60
39        <activity android:name="com.bishang366.ui.activity.MyAttendActivity" />
39-->src\main\AndroidManifest.xml:30:9-89
39-->src\main\AndroidManifest.xml:30:19-77
40        <activity
40-->src\main\AndroidManifest.xml:31:9-35:58
41            android:name="com.bishang366.ui.activity.DetailActivity"
41-->src\main\AndroidManifest.xml:32:13-69
42            android:configChanges="orientation|screenSize"
42-->src\main\AndroidManifest.xml:33:13-59
43            android:screenOrientation="portrait"
43-->src\main\AndroidManifest.xml:34:13-49
44            android:windowSoftInputMode="adjustResize" />
44-->src\main\AndroidManifest.xml:35:13-55
45        <activity
45-->src\main\AndroidManifest.xml:36:9-39:52
46            android:name="com.bishang366.ui.activity.ActivityList"
46-->src\main\AndroidManifest.xml:37:13-67
47            android:configChanges="orientation|screenSize"
47-->src\main\AndroidManifest.xml:38:13-59
48            android:screenOrientation="portrait" />
48-->src\main\AndroidManifest.xml:39:13-49
49        <activity
49-->src\main\AndroidManifest.xml:40:9-43:52
50            android:name="com.bishang366.ui.wallet.SelectCoinActivity"
50-->src\main\AndroidManifest.xml:41:13-71
51            android:configChanges="orientation|screenSize"
51-->src\main\AndroidManifest.xml:42:13-59
52            android:screenOrientation="portrait" />
52-->src\main\AndroidManifest.xml:43:13-49
53        <activity
53-->src\main\AndroidManifest.xml:44:9-47:52
54            android:name="com.bishang366.ui.wallet.SelectAccountActivity"
54-->src\main\AndroidManifest.xml:45:13-74
55            android:configChanges="orientation|screenSize"
55-->src\main\AndroidManifest.xml:46:13-59
56            android:screenOrientation="portrait" />
56-->src\main\AndroidManifest.xml:47:13-49
57        <activity
57-->src\main\AndroidManifest.xml:48:9-51:52
58            android:name="com.bishang366.ui.wallet.WalletListActivity"
58-->src\main\AndroidManifest.xml:49:13-71
59            android:configChanges="orientation|screenSize"
59-->src\main\AndroidManifest.xml:50:13-59
60            android:screenOrientation="portrait" />
60-->src\main\AndroidManifest.xml:51:13-49
61
62        <provider
62-->src\main\AndroidManifest.xml:53:9-62:20
63            android:name="android.support.v4.content.FileProvider"
63-->src\main\AndroidManifest.xml:54:13-67
64            android:authorities="com.bishang366.app.fileprovider"
64-->src\main\AndroidManifest.xml:55:13-66
65            android:enabled="true"
65-->src\main\AndroidManifest.xml:56:13-35
66            android:exported="false"
66-->src\main\AndroidManifest.xml:57:13-37
67            android:grantUriPermissions="true" >
67-->src\main\AndroidManifest.xml:58:13-47
68            <meta-data
68-->src\main\AndroidManifest.xml:59:13-61:54
69                android:name="android.support.FILE_PROVIDER_PATHS"
69-->src\main\AndroidManifest.xml:60:17-67
70                android:resource="@xml/file_paths" />
70-->src\main\AndroidManifest.xml:61:17-51
71        </provider> <!-- Umeng -->
72        <meta-data
72-->src\main\AndroidManifest.xml:63:9-65:56
73            android:name="UMENG_APPKEY"
73-->src\main\AndroidManifest.xml:64:13-40
74            android:value="5d676f05570df3627e00086c" />
74-->src\main\AndroidManifest.xml:65:13-53
75
76        <activity
76-->src\main\AndroidManifest.xml:67:9-71:52
77            android:name="com.bishang366.ui.home.MainActivity"
77-->src\main\AndroidManifest.xml:68:13-63
78            android:configChanges="orientation|screenSize"
78-->src\main\AndroidManifest.xml:69:13-59
79            android:launchMode="singleTask"
79-->src\main\AndroidManifest.xml:70:13-44
80            android:screenOrientation="portrait" />
80-->src\main\AndroidManifest.xml:71:13-49
81        <activity
81-->src\main\AndroidManifest.xml:72:9-76:52
82            android:name="com.bishang366.ui.login.LoginActivity"
82-->src\main\AndroidManifest.xml:73:13-65
83            android:configChanges="orientation|screenSize"
83-->src\main\AndroidManifest.xml:74:13-59
84            android:launchMode="singleTask"
84-->src\main\AndroidManifest.xml:75:13-44
85            android:screenOrientation="portrait" />
85-->src\main\AndroidManifest.xml:76:13-49
86        <activity
86-->src\main\AndroidManifest.xml:77:9-80:52
87            android:name="com.bishang366.ui.common.LeadActivity"
87-->src\main\AndroidManifest.xml:78:13-65
88            android:configChanges="orientation|screenSize"
88-->src\main\AndroidManifest.xml:79:13-59
89            android:screenOrientation="portrait" />
89-->src\main\AndroidManifest.xml:80:13-49
90        <activity
90-->src\main\AndroidManifest.xml:81:9-84:52
91            android:name="com.bishang366.ui.common.PermissionActivity"
91-->src\main\AndroidManifest.xml:82:13-71
92            android:configChanges="orientation|screenSize"
92-->src\main\AndroidManifest.xml:83:13-59
93            android:screenOrientation="portrait" />
93-->src\main\AndroidManifest.xml:84:13-49
94        <activity
94-->src\main\AndroidManifest.xml:85:9-95:20
95            android:name="com.bishang366.ui.common.StartActivity"
95-->src\main\AndroidManifest.xml:86:13-66
96            android:configChanges="orientation|screenSize"
96-->src\main\AndroidManifest.xml:87:13-59
97            android:hardwareAccelerated="true"
97-->src\main\AndroidManifest.xml:88:13-47
98            android:screenOrientation="portrait" >
98-->src\main\AndroidManifest.xml:89:13-49
99            <intent-filter>
99-->src\main\AndroidManifest.xml:90:13-94:29
100                <action android:name="android.intent.action.MAIN" />
100-->src\main\AndroidManifest.xml:91:17-69
100-->src\main\AndroidManifest.xml:91:25-66
101
102                <category android:name="android.intent.category.LAUNCHER" />
102-->src\main\AndroidManifest.xml:93:17-77
102-->src\main\AndroidManifest.xml:93:27-74
103            </intent-filter>
104        </activity>
105        <activity
105-->src\main\AndroidManifest.xml:96:9-99:52
106            android:name="com.bishang366.ui.kline.KlineActivity"
106-->src\main\AndroidManifest.xml:97:13-65
107            android:configChanges="orientation|screenSize"
107-->src\main\AndroidManifest.xml:98:13-59
108            android:screenOrientation="portrait" />
108-->src\main\AndroidManifest.xml:99:13-49
109        <activity
109-->src\main\AndroidManifest.xml:100:9-104:52
110            android:name="com.bishang366.ui.signup.SignUpActivity"
110-->src\main\AndroidManifest.xml:101:13-67
111            android:configChanges="orientation|screenSize"
111-->src\main\AndroidManifest.xml:102:13-59
112            android:launchMode="singleTask"
112-->src\main\AndroidManifest.xml:103:13-44
113            android:screenOrientation="portrait" />
113-->src\main\AndroidManifest.xml:104:13-49
114        <activity
114-->src\main\AndroidManifest.xml:105:9-108:52
115            android:name="com.bishang366.ui.forgot_pwd.ForgotPwdActivity"
115-->src\main\AndroidManifest.xml:106:13-74
116            android:configChanges="orientation|screenSize"
116-->src\main\AndroidManifest.xml:107:13-59
117            android:screenOrientation="portrait" />
117-->src\main\AndroidManifest.xml:108:13-49
118        <activity
118-->src\main\AndroidManifest.xml:109:9-113:52
119            android:name="com.bishang366.ui.myinfo.MyInfoActivity"
119-->src\main\AndroidManifest.xml:110:13-67
120            android:configChanges="orientation|screenSize"
120-->src\main\AndroidManifest.xml:111:13-59
121            android:launchMode="singleTask"
121-->src\main\AndroidManifest.xml:112:13-44
122            android:screenOrientation="portrait" />
122-->src\main\AndroidManifest.xml:113:13-49
123        <activity
123-->src\main\AndroidManifest.xml:114:9-117:52
124            android:name="com.bishang366.ui.wallet.WalletActivity"
124-->src\main\AndroidManifest.xml:115:13-67
125            android:configChanges="orientation|screenSize"
125-->src\main\AndroidManifest.xml:116:13-59
126            android:screenOrientation="portrait" />
126-->src\main\AndroidManifest.xml:117:13-49
127        <activity
127-->src\main\AndroidManifest.xml:118:9-121:52
128            android:name="com.bishang366.ui.wallet_detail.WalletDetailActivity"
128-->src\main\AndroidManifest.xml:119:13-80
129            android:configChanges="orientation|screenSize"
129-->src\main\AndroidManifest.xml:120:13-59
130            android:screenOrientation="portrait" />
130-->src\main\AndroidManifest.xml:121:13-49
131        <activity
131-->src\main\AndroidManifest.xml:122:9-125:52
132            android:name="com.bishang366.ui.my_order.MyOrderActivity"
132-->src\main\AndroidManifest.xml:123:13-70
133            android:configChanges="orientation|screenSize"
133-->src\main\AndroidManifest.xml:124:13-59
134            android:screenOrientation="portrait" />
134-->src\main\AndroidManifest.xml:125:13-49
135        <activity
135-->src\main\AndroidManifest.xml:126:9-129:52
136            android:name="com.bishang366.ui.my_ads.AdsActivity"
136-->src\main\AndroidManifest.xml:127:13-64
137            android:configChanges="orientation|screenSize"
137-->src\main\AndroidManifest.xml:128:13-59
138            android:screenOrientation="portrait" />
138-->src\main\AndroidManifest.xml:129:13-49
139        <activity
139-->src\main\AndroidManifest.xml:130:9-133:52
140            android:name="com.bishang366.ui.message.MessageActivity"
140-->src\main\AndroidManifest.xml:131:13-69
141            android:configChanges="orientation|screenSize"
141-->src\main\AndroidManifest.xml:132:13-59
142            android:screenOrientation="portrait" />
142-->src\main\AndroidManifest.xml:133:13-49
143        <activity
143-->src\main\AndroidManifest.xml:134:9-137:52
144            android:name="com.bishang366.ui.credit.CreditActivity"
144-->src\main\AndroidManifest.xml:135:13-67
145            android:configChanges="orientation|screenSize"
145-->src\main\AndroidManifest.xml:136:13-59
146            android:screenOrientation="portrait" />
146-->src\main\AndroidManifest.xml:137:13-49
147        <activity
147-->src\main\AndroidManifest.xml:138:9-141:52
148            android:name="com.bishang366.ui.setting.SettingActivity"
148-->src\main\AndroidManifest.xml:139:13-69
149            android:configChanges="orientation|screenSize"
149-->src\main\AndroidManifest.xml:140:13-59
150            android:screenOrientation="portrait" />
150-->src\main\AndroidManifest.xml:141:13-49
151        <activity
151-->src\main\AndroidManifest.xml:142:9-145:52
152            android:name="com.bishang366.ui.feed.FeedbackActivity"
152-->src\main\AndroidManifest.xml:143:13-67
153            android:configChanges="orientation|screenSize"
153-->src\main\AndroidManifest.xml:144:13-59
154            android:screenOrientation="portrait" />
154-->src\main\AndroidManifest.xml:145:13-49
155        <activity
155-->src\main\AndroidManifest.xml:146:9-149:52
156            android:name="com.bishang366.ui.aboutus.AboutUsActivity"
156-->src\main\AndroidManifest.xml:147:13-69
157            android:configChanges="orientation|screenSize"
157-->src\main\AndroidManifest.xml:148:13-59
158            android:screenOrientation="portrait" />
158-->src\main\AndroidManifest.xml:149:13-49
159        <activity
159-->src\main\AndroidManifest.xml:150:9-151:57
160            android:name="com.bishang366.ui.option.OptionActivity"
160-->src\main\AndroidManifest.xml:150:19-73
161            android:screenOrientation="portrait" />
161-->src\main\AndroidManifest.xml:151:19-55
162        <activity
162-->src\main\AndroidManifest.xml:152:9-154:57
163            android:name="com.bishang366.ui.option.OrderConfirmActivity"
163-->src\main\AndroidManifest.xml:152:19-79
164            android:screenOrientation="portrait"
164-->src\main\AndroidManifest.xml:154:19-55
165            android:theme="@style/translucent" />
165-->src\main\AndroidManifest.xml:153:19-53
166        <activity android:name="com.bishang366.ui.releaseAd.ReleaseAdsActivity" />
166-->src\main\AndroidManifest.xml:155:9-83
166-->src\main\AndroidManifest.xml:155:19-80
167        <activity android:name="com.bishang366.ui.country.CountryActivity" />
167-->src\main\AndroidManifest.xml:156:9-78
167-->src\main\AndroidManifest.xml:156:19-75
168        <activity android:name="com.bishang366.ui.account_pwd.AccountPwdActivity" />
168-->src\main\AndroidManifest.xml:157:9-85
168-->src\main\AndroidManifest.xml:157:19-82
169        <activity android:name="com.bishang366.ui.buy_or_sell.C2CBuyOrSellActivity" />
169-->src\main\AndroidManifest.xml:158:9-87
169-->src\main\AndroidManifest.xml:158:19-84
170        <activity android:name="com.bishang366.ui.recharge.RechargeActivity" />
170-->src\main\AndroidManifest.xml:159:9-80
170-->src\main\AndroidManifest.xml:159:19-77
171        <activity android:name="com.bishang366.ui.extract.ExtractActivity" />
171-->src\main\AndroidManifest.xml:160:9-78
171-->src\main\AndroidManifest.xml:160:19-75
172        <activity android:name="com.bishang366.ui.ctc.CTCActivity" />
172-->src\main\AndroidManifest.xml:161:9-70
172-->src\main\AndroidManifest.xml:161:19-67
173        <activity android:name="com.bishang366.ui.ctc.CTCOrderDetailActivity" />
173-->src\main\AndroidManifest.xml:162:9-81
173-->src\main\AndroidManifest.xml:162:19-78
174        <activity android:name="com.bishang366.ui.extract.AddressActivity" />
174-->src\main\AndroidManifest.xml:163:9-78
174-->src\main\AndroidManifest.xml:163:19-75
175        <activity android:name="com.bishang366.ui.bind_phone.BindPhoneActivity" />
175-->src\main\AndroidManifest.xml:164:9-83
175-->src\main\AndroidManifest.xml:164:19-80
176        <activity android:name="com.bishang366.ui.bind_email.BindEmailActivity" />
176-->src\main\AndroidManifest.xml:165:9-83
176-->src\main\AndroidManifest.xml:165:19-80
177        <activity android:name="com.bishang366.ui.bind_email.EmailActivity" />
177-->src\main\AndroidManifest.xml:166:9-79
177-->src\main\AndroidManifest.xml:166:19-76
178        <activity android:name="com.bishang366.ui.edit_login_pwd.EditLoginPwdActivity" />
178-->src\main\AndroidManifest.xml:167:9-90
178-->src\main\AndroidManifest.xml:167:19-87
179        <activity android:name="com.bishang366.ui.bind_phone.PhoneActivity" />
179-->src\main\AndroidManifest.xml:168:9-79
179-->src\main\AndroidManifest.xml:168:19-76
180        <activity android:name="com.bishang366.ui.change_phone.ChangePhoneActivity" />
180-->src\main\AndroidManifest.xml:169:9-87
180-->src\main\AndroidManifest.xml:169:19-84
181        <activity android:name="com.bishang366.ui.change_phone.ChangeLeadActivity" />
181-->src\main\AndroidManifest.xml:170:9-86
181-->src\main\AndroidManifest.xml:170:19-83
182        <activity android:name="com.bishang366.ui.message_detail.MessageDetailActivity" />
182-->src\main\AndroidManifest.xml:171:9-91
182-->src\main\AndroidManifest.xml:171:19-88
183        <activity android:name="com.bishang366.ui.lock.LockActivity" />
183-->src\main\AndroidManifest.xml:172:9-72
183-->src\main\AndroidManifest.xml:172:19-69
184        <activity
184-->src\main\AndroidManifest.xml:173:9-175:47
185            android:name="com.bishang366.ui.set_lock.SetLockActivity"
185-->src\main\AndroidManifest.xml:174:13-70
186            android:launchMode="singleTask" />
186-->src\main\AndroidManifest.xml:175:13-44
187        <activity android:name="com.bishang366.ui.order_detail.OrderDetailActivity" />
187-->src\main\AndroidManifest.xml:176:9-87
187-->src\main\AndroidManifest.xml:176:19-84
188        <activity android:name="com.bishang366.ui.appeal.AppealActivity" />
188-->src\main\AndroidManifest.xml:177:9-76
188-->src\main\AndroidManifest.xml:177:19-73
189        <activity android:name="com.bishang366.ui.account_pwd.EditAccountPwdActivity" />
189-->src\main\AndroidManifest.xml:178:9-89
189-->src\main\AndroidManifest.xml:178:19-86
190        <activity android:name="com.bishang366.ui.account_pwd.ResetAccountPwdActivity" />
190-->src\main\AndroidManifest.xml:179:9-90
190-->src\main\AndroidManifest.xml:179:19-87
191        <activity android:name="com.bishang366.ui.chatlist.ChatListActivity" />
191-->src\main\AndroidManifest.xml:180:9-80
191-->src\main\AndroidManifest.xml:180:19-77
192        <activity android:name="com.bishang366.ui.chat.ChatActivity" />
192-->src\main\AndroidManifest.xml:181:9-72
192-->src\main\AndroidManifest.xml:181:19-69
193        <activity android:name="com.bishang366.ui.entrust.TrustListActivity" />
193-->src\main\AndroidManifest.xml:182:9-80
193-->src\main\AndroidManifest.xml:182:19-77
194        <activity android:name="com.bishang366.ui.entrust.TrustListConstractActivity" />
194-->src\main\AndroidManifest.xml:183:9-89
194-->src\main\AndroidManifest.xml:183:19-86
195        <activity android:name="com.bishang366.ui.entrust.TrustlistconstractdataActivity" />
195-->src\main\AndroidManifest.xml:184:9-93
195-->src\main\AndroidManifest.xml:184:19-90
196        <activity android:name="com.bishang366.ui.entrust.TrustOptionListActivity" />
196-->src\main\AndroidManifest.xml:185:9-86
196-->src\main\AndroidManifest.xml:185:19-83
197        <activity android:name="com.bishang366.ui.entrust.TrustDetailActivity" />
197-->src\main\AndroidManifest.xml:186:9-82
197-->src\main\AndroidManifest.xml:186:19-79
198        <activity android:name="com.bishang366.ui.myEntrust.MyEntrustActivity" />
198-->src\main\AndroidManifest.xml:187:9-82
198-->src\main\AndroidManifest.xml:187:19-79
199        <activity android:name="com.bishang366.ui.bind_account.BindAccountActivity" />
199-->src\main\AndroidManifest.xml:188:9-87
199-->src\main\AndroidManifest.xml:188:19-84
200        <activity android:name="com.bishang366.ui.bind_account.BindAliActivity" />
200-->src\main\AndroidManifest.xml:189:9-83
200-->src\main\AndroidManifest.xml:189:19-80
201        <activity android:name="com.bishang366.ui.bind_account.BindBankActivity" />
201-->src\main\AndroidManifest.xml:190:9-84
201-->src\main\AndroidManifest.xml:190:19-81
202        <activity android:name="com.bishang366.ui.bind_account.BindWeiChatActivity" /> <!-- 新加的 -->
202-->src\main\AndroidManifest.xml:191:9-87
202-->src\main\AndroidManifest.xml:191:19-84
203        <activity android:name="com.bishang366.ui.aboutus.AboutJianJieActivity" />
203-->src\main\AndroidManifest.xml:192:9-83
203-->src\main\AndroidManifest.xml:192:19-80
204        <activity android:name="com.bishang366.ui.aboutus.AboutWeiXinActivity" />
204-->src\main\AndroidManifest.xml:193:9-82
204-->src\main\AndroidManifest.xml:193:19-79
205        <activity android:name="com.bishang366.ui.wallet.ChongBiJLActivity" />
205-->src\main\AndroidManifest.xml:194:9-79
205-->src\main\AndroidManifest.xml:194:19-76
206        <activity android:name="com.bishang366.ui.wallet.TiBiJLActivity" />
206-->src\main\AndroidManifest.xml:195:9-76
206-->src\main\AndroidManifest.xml:195:19-73
207        <activity android:name="com.bishang366.ui.setting.GongGaoActivity" />
207-->src\main\AndroidManifest.xml:196:9-78
207-->src\main\AndroidManifest.xml:196:19-75
208        <activity android:name="com.bishang366.ui.setting.HelpActivity" />
208-->src\main\AndroidManifest.xml:197:9-75
208-->src\main\AndroidManifest.xml:197:19-72
209        <activity android:name="com.bishang366.ui.message_detail.MessageHelpActivity" />
209-->src\main\AndroidManifest.xml:198:9-89
209-->src\main\AndroidManifest.xml:198:19-86
210        <activity android:name="com.bishang366.ui.setting.HelpXinShouActivity" />
210-->src\main\AndroidManifest.xml:199:9-82
210-->src\main\AndroidManifest.xml:199:19-79
211        <activity android:name="com.bishang366.ui.setting.HelpChangjianActivity" />
211-->src\main\AndroidManifest.xml:200:9-84
211-->src\main\AndroidManifest.xml:200:19-81
212        <activity android:name="com.bishang366.ui.setting.HelpJiaoyiActivity" />
212-->src\main\AndroidManifest.xml:201:9-81
212-->src\main\AndroidManifest.xml:201:19-78
213        <activity android:name="com.bishang366.ui.setting.HelpBizhongActivity" />
213-->src\main\AndroidManifest.xml:202:9-82
213-->src\main\AndroidManifest.xml:202:19-79
214        <activity android:name="com.bishang366.ui.setting.HelpHangqingActivity" />
214-->src\main\AndroidManifest.xml:203:9-83
214-->src\main\AndroidManifest.xml:203:19-80
215        <activity android:name="com.bishang366.ui.setting.HelpTiaokuanActivity" />
215-->src\main\AndroidManifest.xml:204:9-83
215-->src\main\AndroidManifest.xml:204:19-80
216        <activity android:name="com.bishang366.ui.setting.HelpQitaActivity" />
216-->src\main\AndroidManifest.xml:205:9-79
216-->src\main\AndroidManifest.xml:205:19-76
217        <activity android:name="com.bishang366.ui.credit.CreditInfoActivity" />
217-->src\main\AndroidManifest.xml:206:9-80
217-->src\main\AndroidManifest.xml:206:19-77
218        <activity android:name="com.bishang366.ui.seller.SellerApplyActivity" />
218-->src\main\AndroidManifest.xml:207:9-81
218-->src\main\AndroidManifest.xml:207:19-78
219        <activity android:name="com.bishang366.ui.seller.SellerApplyCommitActivity" />
219-->src\main\AndroidManifest.xml:208:9-87
219-->src\main\AndroidManifest.xml:208:19-84
220        <activity android:name="com.bishang366.ui.aboutus.AddUrlActivity" />
220-->src\main\AndroidManifest.xml:209:9-77
220-->src\main\AndroidManifest.xml:209:19-74
221        <activity
221-->src\main\AndroidManifest.xml:210:9-212:47
222            android:name="com.bishang366.ui.wallet.OverturnActivity"
222-->src\main\AndroidManifest.xml:211:13-69
223            android:launchMode="singleTask" />
223-->src\main\AndroidManifest.xml:212:13-44
224        <activity android:name="com.bishang366.ui.setting.LanguageActivity" />
224-->src\main\AndroidManifest.xml:213:9-79
224-->src\main\AndroidManifest.xml:213:19-76
225        <activity android:name="com.bishang366.ui.wallet.SeleteOptionCoinActivity" />
225-->src\main\AndroidManifest.xml:215:9-95
225-->src\main\AndroidManifest.xml:215:19-83
226
227        <service android:name="com.bishang366.serivce.MyService" />
227-->src\main\AndroidManifest.xml:216:9-68
227-->src\main\AndroidManifest.xml:216:18-65
228        <service android:name="com.bishang366.serivce.MyTextService" />
228-->src\main\AndroidManifest.xml:217:9-72
228-->src\main\AndroidManifest.xml:217:18-69
229        <service android:name="com.bishang366.serivce.MyTextService_contract" />
229-->src\main\AndroidManifest.xml:218:9-81
229-->src\main\AndroidManifest.xml:218:18-78
230
231        <receiver android:name="com.maiml.updatelibrary.receiver.InstallReceiver" >
231-->src\main\AndroidManifest.xml:220:9-224:20
231-->src\main\AndroidManifest.xml:220:19-82
232            <intent-filter android:priority="20" >
232-->src\main\AndroidManifest.xml:221:13-223:29
232-->src\main\AndroidManifest.xml:221:28-49
233                <action android:name="android.intent.action.DOWNLOAD_COMPLETE" />
233-->src\main\AndroidManifest.xml:222:17-82
233-->src\main\AndroidManifest.xml:222:25-79
234            </intent-filter>
235        </receiver>
236
237        <activity
237-->[:lib-zxing] AndroidManifest.xml:10:9-15:63
238            android:name="com.uuzuche.lib_zxing.activity.CaptureActivity"
238-->[:lib-zxing] AndroidManifest.xml:11:13-74
239            android:configChanges="orientation|keyboardHidden"
239-->[:lib-zxing] AndroidManifest.xml:12:13-63
240            android:screenOrientation="portrait"
240-->[:lib-zxing] AndroidManifest.xml:13:13-49
241            android:theme="@style/Theme.AppCompat.NoActionBar"
241-->[:lib-zxing] AndroidManifest.xml:14:13-63
242            android:windowSoftInputMode="stateAlwaysHidden" />
242-->[:lib-zxing] AndroidManifest.xml:15:13-60
243        <activity
243-->[com.yanzhenjie:permission:1.1.0] AndroidManifest.xml:25:9-30:75
244            android:name="com.yanzhenjie.permission.PermissionActivity"
244-->[com.yanzhenjie:permission:1.1.0] AndroidManifest.xml:26:13-72
245            android:configChanges="keyboardHidden|orientation|screenSize"
245-->[com.yanzhenjie:permission:1.1.0] AndroidManifest.xml:27:13-74
246            android:launchMode="standard"
246-->[com.yanzhenjie:permission:1.1.0] AndroidManifest.xml:28:13-42
247            android:theme="@style/permission_PermissionActivity"
247-->[com.yanzhenjie:permission:1.1.0] AndroidManifest.xml:29:13-65
248            android:windowSoftInputMode="stateHidden|stateAlwaysHidden" />
248-->[com.yanzhenjie:permission:1.1.0] AndroidManifest.xml:30:13-72
249        <activity
249-->[:captchasdk-release-1.0.2:] AndroidManifest.xml:16:9-21:20
250            android:name="com.tencent.captchasdk.TCaptchaPopupActivity"
250-->[:captchasdk-release-1.0.2:] AndroidManifest.xml:17:13-72
251            android:configChanges="orientation|keyboardHidden|navigation"
251-->[:captchasdk-release-1.0.2:] AndroidManifest.xml:18:13-74
252            android:exported="false"
252-->[:captchasdk-release-1.0.2:] AndroidManifest.xml:19:13-37
253            android:theme="@style/TCaptchaPopupDialogActivity" >
253-->[:captchasdk-release-1.0.2:] AndroidManifest.xml:20:13-63
254        </activity>
255    </application>
256
257</manifest>